[2020-05-11 05:18:13] local.ERROR: SQLSTATE[HY000] [1045] Access denied for user 'root'@'localhost' (using password: NO) (SQL: select count(*) as aggregate from `job_employers` where `email` = torv2821@gmail.com) {"exception":"[object] (Illuminate\\Database\\QueryException(code: 1045): SQLSTATE[HY000] [1045] Access denied for user 'root'@'localhost' (using password: NO) (SQL: select count(*) as aggregate from `job_employers` where `email` = torv2821@gmail.com) at C:\\Work\\Install\\OpenServer\\OSPanel\\domains\\dev.vectrum\\vendor\\laravel\\framework\\src\\Illuminate\\Database\\Connection.php:671)
[stacktrace]
#0 C:\\Work\\Install\\OpenServer\\OSPanel\\domains\\dev.vectrum\\vendor\\laravel\\framework\\src\\Illuminate\\Database\\Connection.php(631): Illuminate\\Database\\Connection->runQueryCallback('select count(*)...', Array, Object(Closure))
#1 C:\\Work\\Install\\OpenServer\\OSPanel\\domains\\dev.vectrum\\vendor\\laravel\\framework\\src\\Illuminate\\Database\\Connection.php(339): Illuminate\\Database\\Connection->run('select count(*)...', Array, Object(Closure))
#2 C:\\Work\\Install\\OpenServer\\OSPanel\\domains\\dev.vectrum\\vendor\\laravel\\framework\\src\\Illuminate\\Database\\Query\\Builder.php(2178): Illuminate\\Database\\Connection->select('select count(*)...', Array, true)
#3 C:\\Work\\Install\\OpenServer\\OSPanel\\domains\\dev.vectrum\\vendor\\laravel\\framework\\src\\Illuminate\\Database\\Query\\Builder.php(2166): Illuminate\\Database\\Query\\Builder->runSelect()
#4 C:\\Work\\Install\\OpenServer\\OSPanel\\domains\\dev.vectrum\\vendor\\laravel\\framework\\src\\Illuminate\\Database\\Query\\Builder.php(2638): Illuminate\\Database\\Query\\Builder->Illuminate\\Database\\Query\\{closure}()
#5 C:\\Work\\Install\\OpenServer\\OSPanel\\domains\\dev.vectrum\\vendor\\laravel\\framework\\src\\Illuminate\\Database\\Query\\Builder.php(2167): Illuminate\\Database\\Query\\Builder->onceWithColumns(Array, Object(Closure))
#6 C:\\Work\\Install\\OpenServer\\OSPanel\\domains\\dev.vectrum\\vendor\\laravel\\framework\\src\\Illuminate\\Database\\Query\\Builder.php(2565): Illuminate\\Database\\Query\\Builder->get(Array)
#7 C:\\Work\\Install\\OpenServer\\OSPanel\\domains\\dev.vectrum\\vendor\\laravel\\framework\\src\\Illuminate\\Database\\Query\\Builder.php(2493): Illuminate\\Database\\Query\\Builder->aggregate('count', Array)
#8 C:\\Work\\Install\\OpenServer\\OSPanel\\domains\\dev.vectrum\\app\\Http\\Controllers\\Main\\AuthRequestController.php(55): Illuminate\\Database\\Query\\Builder->count()
#9 [internal function]: App\\Http\\Controllers\\Main\\AuthRequestController->employers_registration(Object(Illuminate\\Http\\Request))
#10 C:\\Work\\Install\\OpenServer\\OSPanel\\domains\\dev.vectrum\\vendor\\laravel\\framework\\src\\Illuminate\\Routing\\Controller.php(54): call_user_func_array(Array, Array)
#11 C:\\Work\\Install\\OpenServer\\OSPanel\\domains\\dev.vectrum\\vendor\\laravel\\framework\\src\\Illuminate\\Routing\\ControllerDispatcher.php(45): Illuminate\\Routing\\Controller->callAction('employers_regis...', Array)
#12 C:\\Work\\Install\\OpenServer\\OSPanel\\domains\\dev.vectrum\\vendor\\laravel\\framework\\src\\Illuminate\\Routing\\Route.php(225): Illuminate\\Routing\\ControllerDispatcher->dispatch(Object(Illuminate\\Routing\\Route), Object(App\\Http\\Controllers\\Main\\AuthRequestController), 'employers_regis...')
#13 C:\\Work\\Install\\OpenServer\\OSPanel\\domains\\dev.vectrum\\vendor\\laravel\\framework\\src\\Illuminate\\Routing\\Route.php(182): Illuminate\\Routing\\Route->runController()
#14 C:\\Work\\Install\\OpenServer\\OSPanel\\domains\\dev.vectrum\\vendor\\laravel\\framework\\src\\Illuminate\\Routing\\Router.php(685): Illuminate\\Routing\\Route->run()
#15 C:\\Work\\Install\\OpenServer\\OSPanel\\domains\\dev.vectrum\\vendor\\laravel\\framework\\src\\Illuminate\\Pipeline\\Pipeline.php(128): Illuminate\\Routing\\Router->Illuminate\\Routing\\{closure}(Object(Illuminate\\Http\\Request))
#16 C:\\Work\\Install\\OpenServer\\OSPanel\\domains\\dev.vectrum\\vendor\\laravel\\framework\\src\\Illuminate\\Routing\\Middleware\\SubstituteBindings.php(41): Illuminate\\Pipeline\\Pipeline->Illuminate\\Pipeline\\{closure}(Object(Illuminate\\Http\\Request))
#17 C:\\Work\\Install\\OpenServer\\OSPanel\\domains\\dev.vectrum\\vendor\\laravel\\framework\\src\\Illuminate\\Pipeline\\Pipeline.php(167): Illuminate\\Routing\\Middleware\\SubstituteBindings->handle(Object(Illuminate\\Http\\Request), Object(Closure))
#18 C:\\Work\\Install\\OpenServer\\OSPanel\\domains\\dev.vectrum\\vendor\\laravel\\framework\\src\\Illuminate\\View\\Middleware\\ShareErrorsFromSession.php(49): Illuminate\\Pipeline\\Pipeline->Illuminate\\Pipeline\\{closure}(Object(Illuminate\\Http\\Request))
#19 C:\\Work\\Install\\OpenServer\\OSPanel\\domains\\dev.vectrum\\vendor\\laravel\\framework\\src\\Illuminate\\Pipeline\\Pipeline.php(167): Illuminate\\View\\Middleware\\ShareErrorsFromSession->handle(Object(Illuminate\\Http\\Request), Object(Closure))
#20 C:\\Work\\Install\\OpenServer\\OSPanel\\domains\\dev.vectrum\\vendor\\laravel\\framework\\src\\Illuminate\\Session\\Middleware\\StartSession.php(56): Illuminate\\Pipeline\\Pipeline->Illuminate\\Pipeline\\{closure}(Object(Illuminate\\Http\\Request))
#21 C:\\Work\\Install\\OpenServer\\OSPanel\\domains\\dev.vectrum\\vendor\\laravel\\framework\\src\\Illuminate\\Pipeline\\Pipeline.php(167): Illuminate\\Session\\Middleware\\StartSession->handle(Object(Illuminate\\Http\\Request), Object(Closure))
#22 C:\\Work\\Install\\OpenServer\\OSPanel\\domains\\dev.vectrum\\vendor\\laravel\\framework\\src\\Illuminate\\Cookie\\Middleware\\AddQueuedCookiesToResponse.php(37): Illuminate\\Pipeline\\Pipeline->Illuminate\\Pipeline\\{closure}(Object(Illuminate\\Http\\Request))
#23 C:\\Work\\Install\\OpenServer\\OSPanel\\domains\\dev.vectrum\\vendor\\laravel\\framework\\src\\Illuminate\\Pipeline\\Pipeline.php(167): Illuminate\\Cookie\\Middleware\\AddQueuedCookiesToResponse->handle(Object(Illuminate\\Http\\Request), Object(Closure))
#24 C:\\Work\\Install\\OpenServer\\OSPanel\\domains\\dev.vectrum\\vendor\\laravel\\framework\\src\\Illuminate\\Cookie\\Middleware\\EncryptCookies.php(66): Illuminate\\Pipeline\\Pipeline->Illuminate\\Pipeline\\{closure}(Object(Illuminate\\Http\\Request))
#25 C:\\Work\\Install\\OpenServer\\OSPanel\\domains\\dev.vectrum\\vendor\\laravel\\framework\\src\\Illuminate\\Pipeline\\Pipeline.php(167): Illuminate\\Cookie\\Middleware\\EncryptCookies->handle(Object(Illuminate\\Http\\Request), Object(Closure))
#26 C:\\Work\\Install\\OpenServer\\OSPanel\\domains\\dev.vectrum\\vendor\\laravel\\framework\\src\\Illuminate\\Pipeline\\Pipeline.php(103): Illuminate\\Pipeline\\Pipeline->Illuminate\\Pipeline\\{closure}(Object(Illuminate\\Http\\Request))
#27 C:\\Work\\Install\\OpenServer\\OSPanel\\domains\\dev.vectrum\\vendor\\laravel\\framework\\src\\Illuminate\\Routing\\Router.php(687): Illuminate\\Pipeline\\Pipeline->then(Object(Closure))
#28 C:\\Work\\Install\\OpenServer\\OSPanel\\domains\\dev.vectrum\\vendor\\laravel\\framework\\src\\Illuminate\\Routing\\Router.php(662): Illuminate\\Routing\\Router->runRouteWithinStack(Object(Illuminate\\Routing\\Route), Object(Illuminate\\Http\\Request))
#29 C:\\Work\\Install\\OpenServer\\OSPanel\\domains\\dev.vectrum\\vendor\\laravel\\framework\\src\\Illuminate\\Routing\\Router.php(628): Illuminate\\Routing\\Router->runRoute(Object(Illuminate\\Http\\Request), Object(Illuminate\\Routing\\Route))
#30 C:\\Work\\Install\\OpenServer\\OSPanel\\domains\\dev.vectrum\\vendor\\laravel\\framework\\src\\Illuminate\\Routing\\Router.php(617): Illuminate\\Routing\\Router->dispatchToRoute(Object(Illuminate\\Http\\Request))
#31 C:\\Work\\Install\\OpenServer\\OSPanel\\domains\\dev.vectrum\\vendor\\laravel\\framework\\src\\Illuminate\\Foundation\\Http\\Kernel.php(165): Illuminate\\Routing\\Router->dispatch(Object(Illuminate\\Http\\Request))
#32 C:\\Work\\Install\\OpenServer\\OSPanel\\domains\\dev.vectrum\\vendor\\laravel\\framework\\src\\Illuminate\\Pipeline\\Pipeline.php(128): Illuminate\\Foundation\\Http\\Kernel->Illuminate\\Foundation\\Http\\{closure}(Object(Illuminate\\Http\\Request))
#33 C:\\Work\\Install\\OpenServer\\OSPanel\\domains\\dev.vectrum\\vendor\\laravel\\framework\\src\\Illuminate\\Foundation\\Http\\Middleware\\TransformsRequest.php(21): Illuminate\\Pipeline\\Pipeline->Illuminate\\Pipeline\\{closure}(Object(Illuminate\\Http\\Request))
#34 C:\\Work\\Install\\OpenServer\\OSPanel\\domains\\dev.vectrum\\vendor\\laravel\\framework\\src\\Illuminate\\Pipeline\\Pipeline.php(167): Illuminate\\Foundation\\Http\\Middleware\\TransformsRequest->handle(Object(Illuminate\\Http\\Request), Object(Closure))
#35 C:\\Work\\Install\\OpenServer\\OSPanel\\domains\\dev.vectrum\\vendor\\laravel\\framework\\src\\Illuminate\\Foundation\\Http\\Middleware\\TransformsRequest.php(21): Illuminate\\Pipeline\\Pipeline->Illuminate\\Pipeline\\{closure}(Object(Illuminate\\Http\\Request))
#36 C:\\Work\\Install\\OpenServer\\OSPanel\\domains\\dev.vectrum\\vendor\\laravel\\framework\\src\\Illuminate\\Pipeline\\Pipeline.php(167): Illuminate\\Foundation\\Http\\Middleware\\TransformsRequest->handle(Object(Illuminate\\Http\\Request), Object(Closure))
#37 C:\\Work\\Install\\OpenServer\\OSPanel\\domains\\dev.vectrum\\vendor\\laravel\\framework\\src\\Illuminate\\Foundation\\Http\\Middleware\\ValidatePostSize.php(27): Illuminate\\Pipeline\\Pipeline->Illuminate\\Pipeline\\{closure}(Object(Illuminate\\Http\\Request))
#38 C:\\Work\\Install\\OpenServer\\OSPanel\\domains\\dev.vectrum\\vendor\\laravel\\framework\\src\\Illuminate\\Pipeline\\Pipeline.php(167): Illuminate\\Foundation\\Http\\Middleware\\ValidatePostSize->handle(Object(Illuminate\\Http\\Request), Object(Closure))
#39 C:\\Work\\Install\\OpenServer\\OSPanel\\domains\\dev.vectrum\\vendor\\laravel\\framework\\src\\Illuminate\\Foundation\\Http\\Middleware\\CheckForMaintenanceMode.php(63): Illuminate\\Pipeline\\Pipeline->Illuminate\\Pipeline\\{closure}(Object(Illuminate\\Http\\Request))
#40 C:\\Work\\Install\\OpenServer\\OSPanel\\domains\\dev.vectrum\\vendor\\laravel\\framework\\src\\Illuminate\\Pipeline\\Pipeline.php(167): Illuminate\\Foundation\\Http\\Middleware\\CheckForMaintenanceMode->handle(Object(Illuminate\\Http\\Request), Object(Closure))
#41 C:\\Work\\Install\\OpenServer\\OSPanel\\domains\\dev.vectrum\\vendor\\fruitcake\\laravel-cors\\src\\HandleCors.php(37): Illuminate\\Pipeline\\Pipeline->Illuminate\\Pipeline\\{closure}(Object(Illuminate\\Http\\Request))
#42 C:\\Work\\Install\\OpenServer\\OSPanel\\domains\\dev.vectrum\\vendor\\laravel\\framework\\src\\Illuminate\\Pipeline\\Pipeline.php(167): Fruitcake\\Cors\\HandleCors->handle(Object(Illuminate\\Http\\Request), Object(Closure))
#43 C:\\Work\\Install\\OpenServer\\OSPanel\\domains\\dev.vectrum\\vendor\\fideloper\\proxy\\src\\TrustProxies.php(57): Illuminate\\Pipeline\\Pipeline->Illuminate\\Pipeline\\{closure}(Object(Illuminate\\Http\\Request))
#44 C:\\Work\\Install\\OpenServer\\OSPanel\\domains\\dev.vectrum\\vendor\\laravel\\framework\\src\\Illuminate\\Pipeline\\Pipeline.php(167): Fideloper\\Proxy\\TrustProxies->handle(Object(Illuminate\\Http\\Request), Object(Closure))
#45 C:\\Work\\Install\\OpenServer\\OSPanel\\domains\\dev.vectrum\\vendor\\laravel\\framework\\src\\Illuminate\\Pipeline\\Pipeline.php(103): Illuminate\\Pipeline\\Pipeline->Illuminate\\Pipeline\\{closure}(Object(Illuminate\\Http\\Request))
#46 C:\\Work\\Install\\OpenServer\\OSPanel\\domains\\dev.vectrum\\vendor\\laravel\\framework\\src\\Illuminate\\Foundation\\Http\\Kernel.php(140): Illuminate\\Pipeline\\Pipeline->then(Object(Closure))
#47 C:\\Work\\Install\\OpenServer\\OSPanel\\domains\\dev.vectrum\\vendor\\laravel\\framework\\src\\Illuminate\\Foundation\\Http\\Kernel.php(109): Illuminate\\Foundation\\Http\\Kernel->sendRequestThroughRouter(Object(Illuminate\\Http\\Request))
#48 C:\\Work\\Install\\OpenServer\\OSPanel\\domains\\dev.vectrum\\public\\index.php(55): Illuminate\\Foundation\\Http\\Kernel->handle(Object(Illuminate\\Http\\Request))
#49 {main}

[previous exception] [object] (PDOException(code: 1045): SQLSTATE[HY000] [1045] Access denied for user 'root'@'localhost' (using password: NO) at C:\\Work\\Install\\OpenServer\\OSPanel\\domains\\dev.vectrum\\vendor\\laravel\\framework\\src\\Illuminate\\Database\\Connectors\\Connector.php:70)
[stacktrace]
#0 C:\\Work\\Install\\OpenServer\\OSPanel\\domains\\dev.vectrum\\vendor\\laravel\\framework\\src\\Illuminate\\Database\\Connectors\\Connector.php(70): PDO->__construct('mysql:host=127....', 'root', '', Array)
#1 C:\\Work\\Install\\OpenServer\\OSPanel\\domains\\dev.vectrum\\vendor\\laravel\\framework\\src\\Illuminate\\Database\\Connectors\\Connector.php(46): Illuminate\\Database\\Connectors\\Connector->createPdoConnection('mysql:host=127....', 'root', '', Array)
#2 C:\\Work\\Install\\OpenServer\\OSPanel\\domains\\dev.vectrum\\vendor\\laravel\\framework\\src\\Illuminate\\Database\\Connectors\\MySqlConnector.php(24): Illuminate\\Database\\Connectors\\Connector->createConnection('mysql:host=127....', Array, Array)
#3 C:\\Work\\Install\\OpenServer\\OSPanel\\domains\\dev.vectrum\\vendor\\laravel\\framework\\src\\Illuminate\\Database\\Connectors\\ConnectionFactory.php(182): Illuminate\\Database\\Connectors\\MySqlConnector->connect(Array)
#4 [internal function]: Illuminate\\Database\\Connectors\\ConnectionFactory->Illuminate\\Database\\Connectors\\{closure}()
#5 C:\\Work\\Install\\OpenServer\\OSPanel\\domains\\dev.vectrum\\vendor\\laravel\\framework\\src\\Illuminate\\Database\\Connection.php(926): call_user_func(Object(Closure))
#6 C:\\Work\\Install\\OpenServer\\OSPanel\\domains\\dev.vectrum\\vendor\\laravel\\framework\\src\\Illuminate\\Database\\Connection.php(961): Illuminate\\Database\\Connection->getPdo()
#7 C:\\Work\\Install\\OpenServer\\OSPanel\\domains\\dev.vectrum\\vendor\\laravel\\framework\\src\\Illuminate\\Database\\Connection.php(405): Illuminate\\Database\\Connection->getReadPdo()
#8 C:\\Work\\Install\\OpenServer\\OSPanel\\domains\\dev.vectrum\\vendor\\laravel\\framework\\src\\Illuminate\\Database\\Connection.php(331): Illuminate\\Database\\Connection->getPdoForSelect(true)
#9 C:\\Work\\Install\\OpenServer\\OSPanel\\domains\\dev.vectrum\\vendor\\laravel\\framework\\src\\Illuminate\\Database\\Connection.php(664): Illuminate\\Database\\Connection->Illuminate\\Database\\{closure}('select count(*)...', Array)
#10 C:\\Work\\Install\\OpenServer\\OSPanel\\domains\\dev.vectrum\\vendor\\laravel\\framework\\src\\Illuminate\\Database\\Connection.php(631): Illuminate\\Database\\Connection->runQueryCallback('select count(*)...', Array, Object(Closure))
#11 C:\\Work\\Install\\OpenServer\\OSPanel\\domains\\dev.vectrum\\vendor\\laravel\\framework\\src\\Illuminate\\Database\\Connection.php(339): Illuminate\\Database\\Connection->run('select count(*)...', Array, Object(Closure))
#12 C:\\Work\\Install\\OpenServer\\OSPanel\\domains\\dev.vectrum\\vendor\\laravel\\framework\\src\\Illuminate\\Database\\Query\\Builder.php(2178): Illuminate\\Database\\Connection->select('select count(*)...', Array, true)
#13 C:\\Work\\Install\\OpenServer\\OSPanel\\domains\\dev.vectrum\\vendor\\laravel\\framework\\src\\Illuminate\\Database\\Query\\Builder.php(2166): Illuminate\\Database\\Query\\Builder->runSelect()
#14 C:\\Work\\Install\\OpenServer\\OSPanel\\domains\\dev.vectrum\\vendor\\laravel\\framework\\src\\Illuminate\\Database\\Query\\Builder.php(2638): Illuminate\\Database\\Query\\Builder->Illuminate\\Database\\Query\\{closure}()
#15 C:\\Work\\Install\\OpenServer\\OSPanel\\domains\\dev.vectrum\\vendor\\laravel\\framework\\src\\Illuminate\\Database\\Query\\Builder.php(2167): Illuminate\\Database\\Query\\Builder->onceWithColumns(Array, Object(Closure))
#16 C:\\Work\\Install\\OpenServer\\OSPanel\\domains\\dev.vectrum\\vendor\\laravel\\framework\\src\\Illuminate\\Database\\Query\\Builder.php(2565): Illuminate\\Database\\Query\\Builder->get(Array)
#17 C:\\Work\\Install\\OpenServer\\OSPanel\\domains\\dev.vectrum\\vendor\\laravel\\framework\\src\\Illuminate\\Database\\Query\\Builder.php(2493): Illuminate\\Database\\Query\\Builder->aggregate('count', Array)
#18 C:\\Work\\Install\\OpenServer\\OSPanel\\domains\\dev.vectrum\\app\\Http\\Controllers\\Main\\AuthRequestController.php(55): Illuminate\\Database\\Query\\Builder->count()
#19 [internal function]: App\\Http\\Controllers\\Main\\AuthRequestController->employers_registration(Object(Illuminate\\Http\\Request))
#20 C:\\Work\\Install\\OpenServer\\OSPanel\\domains\\dev.vectrum\\vendor\\laravel\\framework\\src\\Illuminate\\Routing\\Controller.php(54): call_user_func_array(Array, Array)
#21 C:\\Work\\Install\\OpenServer\\OSPanel\\domains\\dev.vectrum\\vendor\\laravel\\framework\\src\\Illuminate\\Routing\\ControllerDispatcher.php(45): Illuminate\\Routing\\Controller->callAction('employers_regis...', Array)
#22 C:\\Work\\Install\\OpenServer\\OSPanel\\domains\\dev.vectrum\\vendor\\laravel\\framework\\src\\Illuminate\\Routing\\Route.php(225): Illuminate\\Routing\\ControllerDispatcher->dispatch(Object(Illuminate\\Routing\\Route), Object(App\\Http\\Controllers\\Main\\AuthRequestController), 'employers_regis...')
#23 C:\\Work\\Install\\OpenServer\\OSPanel\\domains\\dev.vectrum\\vendor\\laravel\\framework\\src\\Illuminate\\Routing\\Route.php(182): Illuminate\\Routing\\Route->runController()
#24 C:\\Work\\Install\\OpenServer\\OSPanel\\domains\\dev.vectrum\\vendor\\laravel\\framework\\src\\Illuminate\\Routing\\Router.php(685): Illuminate\\Routing\\Route->run()
#25 C:\\Work\\Install\\OpenServer\\OSPanel\\domains\\dev.vectrum\\vendor\\laravel\\framework\\src\\Illuminate\\Pipeline\\Pipeline.php(128): Illuminate\\Routing\\Router->Illuminate\\Routing\\{closure}(Object(Illuminate\\Http\\Request))
#26 C:\\Work\\Install\\OpenServer\\OSPanel\\domains\\dev.vectrum\\vendor\\laravel\\framework\\src\\Illuminate\\Routing\\Middleware\\SubstituteBindings.php(41): Illuminate\\Pipeline\\Pipeline->Illuminate\\Pipeline\\{closure}(Object(Illuminate\\Http\\Request))
#27 C:\\Work\\Install\\OpenServer\\OSPanel\\domains\\dev.vectrum\\vendor\\laravel\\framework\\src\\Illuminate\\Pipeline\\Pipeline.php(167): Illuminate\\Routing\\Middleware\\SubstituteBindings->handle(Object(Illuminate\\Http\\Request), Object(Closure))
#28 C:\\Work\\Install\\OpenServer\\OSPanel\\domains\\dev.vectrum\\vendor\\laravel\\framework\\src\\Illuminate\\View\\Middleware\\ShareErrorsFromSession.php(49): Illuminate\\Pipeline\\Pipeline->Illuminate\\Pipeline\\{closure}(Object(Illuminate\\Http\\Request))
#29 C:\\Work\\Install\\OpenServer\\OSPanel\\domains\\dev.vectrum\\vendor\\laravel\\framework\\src\\Illuminate\\Pipeline\\Pipeline.php(167): Illuminate\\View\\Middleware\\ShareErrorsFromSession->handle(Object(Illuminate\\Http\\Request), Object(Closure))
#30 C:\\Work\\Install\\OpenServer\\OSPanel\\domains\\dev.vectrum\\vendor\\laravel\\framework\\src\\Illuminate\\Session\\Middleware\\StartSession.php(56): Illuminate\\Pipeline\\Pipeline->Illuminate\\Pipeline\\{closure}(Object(Illuminate\\Http\\Request))
#31 C:\\Work\\Install\\OpenServer\\OSPanel\\domains\\dev.vectrum\\vendor\\laravel\\framework\\src\\Illuminate\\Pipeline\\Pipeline.php(167): Illuminate\\Session\\Middleware\\StartSession->handle(Object(Illuminate\\Http\\Request), Object(Closure))
#32 C:\\Work\\Install\\OpenServer\\OSPanel\\domains\\dev.vectrum\\vendor\\laravel\\framework\\src\\Illuminate\\Cookie\\Middleware\\AddQueuedCookiesToResponse.php(37): Illuminate\\Pipeline\\Pipeline->Illuminate\\Pipeline\\{closure}(Object(Illuminate\\Http\\Request))
#33 C:\\Work\\Install\\OpenServer\\OSPanel\\domains\\dev.vectrum\\vendor\\laravel\\framework\\src\\Illuminate\\Pipeline\\Pipeline.php(167): Illuminate\\Cookie\\Middleware\\AddQueuedCookiesToResponse->handle(Object(Illuminate\\Http\\Request), Object(Closure))
#34 C:\\Work\\Install\\OpenServer\\OSPanel\\domains\\dev.vectrum\\vendor\\laravel\\framework\\src\\Illuminate\\Cookie\\Middleware\\EncryptCookies.php(66): Illuminate\\Pipeline\\Pipeline->Illuminate\\Pipeline\\{closure}(Object(Illuminate\\Http\\Request))
#35 C:\\Work\\Install\\OpenServer\\OSPanel\\domains\\dev.vectrum\\vendor\\laravel\\framework\\src\\Illuminate\\Pipeline\\Pipeline.php(167): Illuminate\\Cookie\\Middleware\\EncryptCookies->handle(Object(Illuminate\\Http\\Request), Object(Closure))
#36 C:\\Work\\Install\\OpenServer\\OSPanel\\domains\\dev.vectrum\\vendor\\laravel\\framework\\src\\Illuminate\\Pipeline\\Pipeline.php(103): Illuminate\\Pipeline\\Pipeline->Illuminate\\Pipeline\\{closure}(Object(Illuminate\\Http\\Request))
#37 C:\\Work\\Install\\OpenServer\\OSPanel\\domains\\dev.vectrum\\vendor\\laravel\\framework\\src\\Illuminate\\Routing\\Router.php(687): Illuminate\\Pipeline\\Pipeline->then(Object(Closure))
#38 C:\\Work\\Install\\OpenServer\\OSPanel\\domains\\dev.vectrum\\vendor\\laravel\\framework\\src\\Illuminate\\Routing\\Router.php(662): Illuminate\\Routing\\Router->runRouteWithinStack(Object(Illuminate\\Routing\\Route), Object(Illuminate\\Http\\Request))
#39 C:\\Work\\Install\\OpenServer\\OSPanel\\domains\\dev.vectrum\\vendor\\laravel\\framework\\src\\Illuminate\\Routing\\Router.php(628): Illuminate\\Routing\\Router->runRoute(Object(Illuminate\\Http\\Request), Object(Illuminate\\Routing\\Route))
#40 C:\\Work\\Install\\OpenServer\\OSPanel\\domains\\dev.vectrum\\vendor\\laravel\\framework\\src\\Illuminate\\Routing\\Router.php(617): Illuminate\\Routing\\Router->dispatchToRoute(Object(Illuminate\\Http\\Request))
#41 C:\\Work\\Install\\OpenServer\\OSPanel\\domains\\dev.vectrum\\vendor\\laravel\\framework\\src\\Illuminate\\Foundation\\Http\\Kernel.php(165): Illuminate\\Routing\\Router->dispatch(Object(Illuminate\\Http\\Request))
#42 C:\\Work\\Install\\OpenServer\\OSPanel\\domains\\dev.vectrum\\vendor\\laravel\\framework\\src\\Illuminate\\Pipeline\\Pipeline.php(128): Illuminate\\Foundation\\Http\\Kernel->Illuminate\\Foundation\\Http\\{closure}(Object(Illuminate\\Http\\Request))
#43 C:\\Work\\Install\\OpenServer\\OSPanel\\domains\\dev.vectrum\\vendor\\laravel\\framework\\src\\Illuminate\\Foundation\\Http\\Middleware\\TransformsRequest.php(21): Illuminate\\Pipeline\\Pipeline->Illuminate\\Pipeline\\{closure}(Object(Illuminate\\Http\\Request))
#44 C:\\Work\\Install\\OpenServer\\OSPanel\\domains\\dev.vectrum\\vendor\\laravel\\framework\\src\\Illuminate\\Pipeline\\Pipeline.php(167): Illuminate\\Foundation\\Http\\Middleware\\TransformsRequest->handle(Object(Illuminate\\Http\\Request), Object(Closure))
#45 C:\\Work\\Install\\OpenServer\\OSPanel\\domains\\dev.vectrum\\vendor\\laravel\\framework\\src\\Illuminate\\Foundation\\Http\\Middleware\\TransformsRequest.php(21): Illuminate\\Pipeline\\Pipeline->Illuminate\\Pipeline\\{closure}(Object(Illuminate\\Http\\Request))
#46 C:\\Work\\Install\\OpenServer\\OSPanel\\domains\\dev.vectrum\\vendor\\laravel\\framework\\src\\Illuminate\\Pipeline\\Pipeline.php(167): Illuminate\\Foundation\\Http\\Middleware\\TransformsRequest->handle(Object(Illuminate\\Http\\Request), Object(Closure))
#47 C:\\Work\\Install\\OpenServer\\OSPanel\\domains\\dev.vectrum\\vendor\\laravel\\framework\\src\\Illuminate\\Foundation\\Http\\Middleware\\ValidatePostSize.php(27): Illuminate\\Pipeline\\Pipeline->Illuminate\\Pipeline\\{closure}(Object(Illuminate\\Http\\Request))
#48 C:\\Work\\Install\\OpenServer\\OSPanel\\domains\\dev.vectrum\\vendor\\laravel\\framework\\src\\Illuminate\\Pipeline\\Pipeline.php(167): Illuminate\\Foundation\\Http\\Middleware\\ValidatePostSize->handle(Object(Illuminate\\Http\\Request), Object(Closure))
#49 C:\\Work\\Install\\OpenServer\\OSPanel\\domains\\dev.vectrum\\vendor\\laravel\\framework\\src\\Illuminate\\Foundation\\Http\\Middleware\\CheckForMaintenanceMode.php(63): Illuminate\\Pipeline\\Pipeline->Illuminate\\Pipeline\\{closure}(Object(Illuminate\\Http\\Request))
#50 C:\\Work\\Install\\OpenServer\\OSPanel\\domains\\dev.vectrum\\vendor\\laravel\\framework\\src\\Illuminate\\Pipeline\\Pipeline.php(167): Illuminate\\Foundation\\Http\\Middleware\\CheckForMaintenanceMode->handle(Object(Illuminate\\Http\\Request), Object(Closure))
#51 C:\\Work\\Install\\OpenServer\\OSPanel\\domains\\dev.vectrum\\vendor\\fruitcake\\laravel-cors\\src\\HandleCors.php(37): Illuminate\\Pipeline\\Pipeline->Illuminate\\Pipeline\\{closure}(Object(Illuminate\\Http\\Request))
#52 C:\\Work\\Install\\OpenServer\\OSPanel\\domains\\dev.vectrum\\vendor\\laravel\\framework\\src\\Illuminate\\Pipeline\\Pipeline.php(167): Fruitcake\\Cors\\HandleCors->handle(Object(Illuminate\\Http\\Request), Object(Closure))
#53 C:\\Work\\Install\\OpenServer\\OSPanel\\domains\\dev.vectrum\\vendor\\fideloper\\proxy\\src\\TrustProxies.php(57): Illuminate\\Pipeline\\Pipeline->Illuminate\\Pipeline\\{closure}(Object(Illuminate\\Http\\Request))
#54 C:\\Work\\Install\\OpenServer\\OSPanel\\domains\\dev.vectrum\\vendor\\laravel\\framework\\src\\Illuminate\\Pipeline\\Pipeline.php(167): Fideloper\\Proxy\\TrustProxies->handle(Object(Illuminate\\Http\\Request), Object(Closure))
#55 C:\\Work\\Install\\OpenServer\\OSPanel\\domains\\dev.vectrum\\vendor\\laravel\\framework\\src\\Illuminate\\Pipeline\\Pipeline.php(103): Illuminate\\Pipeline\\Pipeline->Illuminate\\Pipeline\\{closure}(Object(Illuminate\\Http\\Request))
#56 C:\\Work\\Install\\OpenServer\\OSPanel\\domains\\dev.vectrum\\vendor\\laravel\\framework\\src\\Illuminate\\Foundation\\Http\\Kernel.php(140): Illuminate\\Pipeline\\Pipeline->then(Object(Closure))
#57 C:\\Work\\Install\\OpenServer\\OSPanel\\domains\\dev.vectrum\\vendor\\laravel\\framework\\src\\Illuminate\\Foundation\\Http\\Kernel.php(109): Illuminate\\Foundation\\Http\\Kernel->sendRequestThroughRouter(Object(Illuminate\\Http\\Request))
#58 C:\\Work\\Install\\OpenServer\\OSPanel\\domains\\dev.vectrum\\public\\index.php(55): Illuminate\\Foundation\\Http\\Kernel->handle(Object(Illuminate\\Http\\Request))
#59 {main}
"} 
